Log file open, 10/29/17 22:31:14
LogWindows: LoadLibraryWithSearchPaths failed for file aqProf.dll. GetLastError=0
LogWindows: LoadLibraryWithSearchPaths failed for file VtuneApi.dll. GetLastError=0
LogWindows: LoadLibraryWithSearchPaths failed for file VtuneApi32e.dll. GetLastError=0
LogInit: Display: Running engine for game: Mainmenu
LogPlatformFile: Not using cached read wrapper
LogInit: Display: RandInit(1578539062) SRandInit(1578539062).
LogTaskGraph: Started task graph with 5 named threads and 14 total threads with 3 sets of task threads.
LogStats: Stats thread started at 1.988979
LogD3D11RHI: Aftermath initialized
LogPluginManager: Mounting plugin LightPropagationVolume
LogPluginManager: Mounting plugin CodeLiteSourceCodeAccess
LogPluginManager: Mounting plugin GitSourceControl
LogPluginManager: Mounting plugin KDevelopSourceCodeAccess
LogPluginManager: Mounting plugin NullSourceCodeAccess
LogPluginManager: Mounting plugin PerforceSourceControl
LogPluginManager: Mounting plugin SubversionSourceControl
LogPluginManager: Mounting plugin UObjectPlugin
LogPluginManager: Mounting plugin VisualStudioSourceCodeAccess
LogPluginManager: Mounting plugin XCodeSourceCodeAccess
LogPluginManager: Mounting plugin AssetManagerEditor
LogPluginManager: Mounting plugin AudioCapture
LogPluginManager: Mounting plugin FacialAnimation
LogPluginManager: Mounting plugin GameplayTagsEditor
LogPluginManager: Mounting plugin MobileLauncherProfileWizard
LogPluginManager: Mounting plugin PluginBrowser
LogPluginManager: Mounting plugin SpeedTreeImporter
LogPluginManager: Mounting plugin AlembicImporter
LogPluginManager: Mounting plugin CharacterAI
LogPluginManager: Mounting plugin HTML5Networking
LogPluginManager: Mounting plugin AndroidMedia
LogPluginManager: Mounting plugin AvfMedia
LogPluginManager: Mounting plugin MediaPlayerEditor
LogPluginManager: Mounting plugin WmfMedia
LogPluginManager: Mounting plugin TcpMessaging
LogPluginManager: Mounting plugin UdpMessaging
LogPluginManager: Mounting plugin LevelSequenceEditor
LogPluginManager: Mounting plugin MatineeToLevelSequence
LogPluginManager: Mounting plugin OnlineSubsystemIOS
LogPluginManager: Mounting plugin OnlineSubsystem
LogPluginManager: Mounting plugin OnlineSubsystemNull
LogPluginManager: Mounting plugin OnlineSubsystemUtils
LogPluginManager: Mounting plugin AndroidDeviceProfileSelector
LogPluginManager: Mounting plugin AndroidMoviePlayer
LogPluginManager: Mounting plugin AppleMoviePlayer
LogPluginManager: Mounting plugin ArchVisCharacter
LogPluginManager: Mounting plugin CableComponent
LogPluginManager: Mounting plugin CustomMeshComponent
LogPluginManager: Mounting plugin ExampleDeviceProfileSelector
LogPluginManager: Mounting plugin GoogleCloudMessaging
LogPluginManager: Mounting plugin ImmediatePhysics
LogPluginManager: Mounting plugin IOSDeviceProfileSelector
LogPluginManager: Mounting plugin LinuxDeviceProfileSelector
LogPluginManager: Mounting plugin LocationServicesBPLibrary
LogPluginManager: Mounting plugin MobilePatchingUtils
LogPluginManager: Mounting plugin OculusVR
LogPluginManager: Mounting plugin PhysXVehicles
LogPluginManager: Mounting plugin ProceduralMeshComponent
LogPluginManager: Mounting plugin RuntimePhysXCooking
LogPluginManager: Mounting plugin SteamVR
LogPluginManager: Mounting plugin WindowsMoviePlayer
LogInit: Using libcurl 7.47.1
LogInit:  - built for x86_64-pc-win32
LogInit:  - supports SSL with OpenSSL/1.0.2g
LogInit:  - supports HTTP deflate (compression) using libz 1.2.8
LogInit:  - other features:
LogInit:      CURL_VERSION_SSL
LogInit:      CURL_VERSION_LIBZ
LogInit:      CURL_VERSION_IPV6
LogInit:      CURL_VERSION_ASYNCHDNS
LogInit:      CURL_VERSION_LARGEFILE
LogInit:      CURL_VERSION_IDN
LogInit:  CurlRequestOptions (configurable via config and command line):
LogInit:  - bVerifyPeer = false  - Libcurl will NOT verify peer certificate
LogInit:  - bUseHttpProxy = false  - Libcurl will NOT use HTTP proxy
LogInit:  - bDontReuseConnections = false  - Libcurl will reuse connections
LogInit:  - CertBundlePath = nullptr  - Libcurl will use whatever was configured at build time.
LogInit: Build: ++UE4+Release-4.17-CL-3586342
LogInit: Engine Version: 4.17.1-3586342+++UE4+Release-4.17
LogInit: Compatible Engine Version: 4.17.0-3573198+++UE4+Release-4.17
LogInit: Net CL: 3573198
LogDevObjectVersion: Number of dev versions registered: 16
LogDevObjectVersion:   Dev-Blueprints (B0D832E4-1F89-4F0D-ACCF-7EB736FD4AA2): 10
LogDevObjectVersion:   Dev-Build (E1C64328-A22C-4D53-A36C-8E866417BD8C): 0
LogDevObjectVersion:   Dev-Core (375EC13C-06E4-48FB-B500-84F0262A717E): 2
LogDevObjectVersion:   Dev-Editor (E4B068ED-F494-42E9-A231-DA0B2E46BB41): 20
LogDevObjectVersion:   Dev-Framework (CFFC743F-43B0-4480-9391-14DF171D2073): 28
LogDevObjectVersion:   Dev-Mobile (B02B49B5-BB20-44E9-A304-32B752E40360): 0
LogDevObjectVersion:   Dev-Networking (A4E4105C-59A1-49B5-A7C5-40C4547EDFEE): 0
LogDevObjectVersion:   Dev-Online (39C831C9-5AE6-47DC-9A44-9C173E1C8E7C): 0
LogDevObjectVersion:   Dev-Physics (78F01B33-EBEA-4F98-B9B4-84EACCB95AA2): 0
LogDevObjectVersion:   Dev-Platform (6631380F-2D4D-43E0-8009-CF276956A95A): 0
LogDevObjectVersion:   Dev-Rendering (12F88B9F-8875-4AFC-A67C-D90C383ABD29): 19
LogDevObjectVersion:   Dev-Sequencer (7B5AE74C-D270-4C10-A958-57980B212A5A): 4
LogDevObjectVersion:   Dev-VR (D7296918-1DD6-4BDD-9DE2-64A83CC13884): 0
LogDevObjectVersion:   Dev-LoadTimes (C2A15278-BFE7-4AFE-6C17-90FF531DF755): 1
LogDevObjectVersion:   Private-Geometry (6EACA3D4-40EC-4CC1-B786-8BED09428FC5): 1
LogDevObjectVersion:   Dev-AnimPhys (29E575DD-E0A3-4627-9D10-D276232CDCEA): 7
LogInit: Compiled (64-bit): Aug 15 2017 02:05:26
LogInit: Compiled with Visual C++: 19.00.24215.01
LogInit: Build Configuration: Development
LogInit: Branch Name: ++UE4+Release-4.17
LogInit: Command line:  
LogInit: Base directory: D:/Epic Games/UE_4.17/Engine/Binaries/Win64/
LogInit: Installed Engine Build: 1
LogInit: Presizing for max 8388607 objects, including 0 objects not considered by GC, pre-allocating 0 bytes for permanent pool.
LogInit: Object subsystem initialized
[2017.10.30-02.31.15:835][  0]LogInit: Selected Device Profile: [Windows]
[2017.10.30-02.31.15:835][  0]LogInit: Applying CVar settings loaded from the selected device profile: [Windows]
[2017.10.30-02.31.15:990][  0]LogInit: Computer: MATTHEWSLAPTOP
[2017.10.30-02.31.15:990][  0]LogInit: User: Matthew
[2017.10.30-02.31.15:990][  0]LogInit: CPU Page size=4096, Cores=4
[2017.10.30-02.31.15:990][  0]LogInit: High frequency timer resolution =2.537590 MHz
[2017.10.30-02.31.15:990][  0]LogMemory: Memory total: Physical=7.9GB (8GB approx)
[2017.10.30-02.31.15:990][  0]LogMemory: Platform Memory Stats for Windows
[2017.10.30-02.31.15:990][  0]LogMemory: Process Physical Memory: 277.48 MB used, 277.48 MB peak
[2017.10.30-02.31.15:990][  0]LogMemory: Process Virtual Memory: 282.16 MB used, 282.16 MB peak
[2017.10.30-02.31.15:990][  0]LogMemory: Physical Memory: 3595.85 MB used,  4481.60 MB free, 8077.45 MB total
[2017.10.30-02.31.15:990][  0]LogMemory: Virtual Memory: 660.42 MB used,  4481.60 MB free, 134217728.00 MB total
[2017.10.30-02.31.16:857][  0]LogInit: Using OS detected language (en-US).
[2017.10.30-02.31.16:857][  0]LogInit: Using OS detected locale (en-US).
[2017.10.30-02.31.17:147][  0]LogTextLocalizationManager: No specific localization for 'en-US' exists, so the 'en' localization will be used.
[2017.10.30-02.31.20:696][  0]LogD3D11RHI: D3D11 adapters:
[2017.10.30-02.31.21:522][  0]LogD3D11RHI:    0. 'NVIDIA GeForce GTX 980M' (Feature Level 11_0)
[2017.10.30-02.31.21:522][  0]LogD3D11RHI:       3997/0/4038 MB DedicatedVideo/DedicatedSystem/SharedSystem, Outputs:1, VendorId:0x10de
[2017.10.30-02.31.21:533][  0]LogD3D11RHI:    1. 'Intel(R) HD Graphics 4600' (Feature Level 11_0)
[2017.10.30-02.31.21:533][  0]LogD3D11RHI:       160/0/1760 MB DedicatedVideo/DedicatedSystem/SharedSystem, Outputs:0, VendorId:0x8086
[2017.10.30-02.31.21:535][  0]LogD3D11RHI:    2. 'Microsoft Basic Render Driver' (Feature Level 11_0)
[2017.10.30-02.31.21:535][  0]LogD3D11RHI:       0/0/256 MB DedicatedVideo/DedicatedSystem/SharedSystem, Outputs:0, VendorId:0x1414
[2017.10.30-02.31.21:535][  0]LogD3D11RHI: Chosen D3D11 Adapter: 0
[2017.10.30-02.31.21:540][  0]LogD3D11RHI: Creating new Direct3DDevice
[2017.10.30-02.31.21:541][  0]LogD3D11RHI:     GPU DeviceId: 0x13d7 (for the marketing name, search the web for "GPU Device Id")
[2017.10.30-02.31.21:541][  0]LogWindows: EnumDisplayDevices:
[2017.10.30-02.31.21:541][  0]LogWindows:    0. 'Intel(R) HD Graphics 4600' (P:1 D:1)
[2017.10.30-02.31.21:541][  0]LogWindows:    1. 'Intel(R) HD Graphics 4600' (P:0 D:0)
[2017.10.30-02.31.21:541][  0]LogWindows:    2. 'Intel(R) HD Graphics 4600' (P:0 D:0)
[2017.10.30-02.31.21:541][  0]LogWindows: DebugString: PrimaryIsNotTheChoosenAdapter PrimaryIsNotTheChoosenAdapter PrimaryIsNotTheChoosenAdapter FoundDriverCount:0 
[2017.10.30-02.31.21:541][  0]LogD3D11RHI:     Adapter Name: NVIDIA GeForce GTX 980M
[2017.10.30-02.31.21:541][  0]LogD3D11RHI:   Driver Version: Unknown (internal:Unknown, unified:Unknown)
[2017.10.30-02.31.21:541][  0]LogD3D11RHI:      Driver Date: Unknown
[2017.10.30-02.31.21:541][  0]LogRHI: Texture pool is 1361 MB (70% of 1945 MB)
[2017.10.30-02.31.22:290][  0]LogD3D11RHI: Async texture creation enabled
[2017.10.30-02.31.22:632][  0]LogD3D11RHI: GPU Timing Frequency: 1000.000000 (Debug: 2 2)
[2017.10.30-02.31.22:693][  0]LogShaderCompilers: Guid format shader working directory is -35 characters bigger than the processId version (../../../../../Desolation/Desolation_4.12/Mainmenu 4.17/Intermediate/Shaders/WorkingDirectory/10280/).
[2017.10.30-02.31.22:693][  0]LogShaderCompilers: Cleaned the shader compiler working directory 'd:/Temps/UnrealShaderWorkingDir/9B183EAE4D50519BD438EC98AB251E9F/'.
[2017.10.30-02.31.22:704][  0]LogShaderCompilers: Display: Using Local Shader Compiler.
[2017.10.30-02.31.26:919][  0]LogTemp: Display: Loaded TP AllDesktopTargetPlatform
[2017.10.30-02.31.26:965][  0]LogTemp: Display: Loaded TP MacClientTargetPlatform
[2017.10.30-02.31.27:009][  0]LogTemp: Display: Loaded TP MacNoEditorTargetPlatform
[2017.10.30-02.31.27:056][  0]LogTemp: Display: Loaded TP MacServerTargetPlatform
[2017.10.30-02.31.27:142][  0]LogTemp: Display: Loaded TP MacTargetPlatform
[2017.10.30-02.31.27:189][  0]LogTemp: Display: Loaded TP WindowsClientTargetPlatform
[2017.10.30-02.31.27:237][  0]LogTemp: Display: Loaded TP WindowsNoEditorTargetPlatform
[2017.10.30-02.31.27:280][  0]LogTemp: Display: Loaded TP WindowsServerTargetPlatform
[2017.10.30-02.31.27:316][  0]LogTemp: Display: Loaded TP WindowsTargetPlatform
[2017.10.30-02.31.27:376][  0]LogTemp: Display: Loaded TP AndroidTargetPlatform
[2017.10.30-02.31.27:422][  0]LogTemp: Display: Loaded TP Android_ASTCTargetPlatform
[2017.10.30-02.31.27:511][  0]LogTemp: Display: Loaded TP Android_ATCTargetPlatform
[2017.10.30-02.31.27:557][  0]LogTemp: Display: Loaded TP Android_DXTTargetPlatform
[2017.10.30-02.31.27:597][  0]LogTemp: Display: Loaded TP Android_ETC1TargetPlatform
[2017.10.30-02.31.27:640][  0]LogTemp: Display: Loaded TP Android_ETC2TargetPlatform
[2017.10.30-02.31.27:725][  0]LogTemp: Display: Loaded TP Android_MultiTargetPlatform
[2017.10.30-02.31.27:726][  0]LogTemp: Display: Loaded TP Android_PVRTCTargetPlatform
[2017.10.30-02.31.27:754][  0]LogTemp: Display: Loaded TP HTML5TargetPlatform
[2017.10.30-02.31.27:962][  0]LogTemp: Display: Loaded TP IOSTargetPlatform
[2017.10.30-02.31.27:989][  0]LogTemp: Display: Loaded TP TVOSTargetPlatform
[2017.10.30-02.31.28:029][  0]LogTemp: Display: Loaded TP LinuxClientTargetPlatform
[2017.10.30-02.31.28:069][  0]LogTemp: Display: Loaded TP LinuxNoEditorTargetPlatform
[2017.10.30-02.31.28:110][  0]LogTemp: Display: Loaded TP LinuxServerTargetPlatform
[2017.10.30-02.31.28:173][  0]LogTemp: Display: Loaded TP LinuxTargetPlatform
[2017.10.30-02.31.28:173][  0]LogTargetPlatformManager: Display: Building Assets For Windows
[2017.10.30-02.31.29:576][  0]LogDerivedDataCache: Display: Max Cache Size: 512 MB
[2017.10.30-02.31.29:887][  0]LogDerivedDataCache: Loaded boot cache 0.31s 92MB C:/Users/Matthew/AppData/Local/UnrealEngine/4.17/DerivedDataCache/Boot.ddc.
[2017.10.30-02.31.29:887][  0]LogDerivedDataCache: Display: Loaded Boot cache: C:/Users/Matthew/AppData/Local/UnrealEngine/4.17/DerivedDataCache/Boot.ddc
[2017.10.30-02.31.29:887][  0]LogDerivedDataCache: FDerivedDataBackendGraph:  Pak pak cache file ../../../../../Desolation/Desolation_4.12/Mainmenu 4.17/DerivedDataCache/DDC.ddp not found, will not use a pak cache.
[2017.10.30-02.31.29:887][  0]LogDerivedDataCache: Unable to find inner node Pak for hierarchical cache Hierarchy.
[2017.10.30-02.31.29:887][  0]LogDerivedDataCache: FDerivedDataBackendGraph:  CompressedPak pak cache file ../../../../../Desolation/Desolation_4.12/Mainmenu 4.17/DerivedDataCache/Compressed.ddp not found, will not use a pak cache.
[2017.10.30-02.31.29:887][  0]LogDerivedDataCache: Unable to find inner node CompressedPak for hierarchical cache Hierarchy.
[2017.10.30-02.31.30:010][  0]LogDerivedDataCache: Display: Pak cache opened for reading ../../../Engine/DerivedDataCache/Compressed.ddp.
[2017.10.30-02.31.30:023][  0]LogDerivedDataCache: Using Local data cache path C:/Users/Matthew/AppData/Local/UnrealEngine/Common/DerivedDataCache: Writable
[2017.10.30-02.31.30:074][  0]LogMaterial: Verifying Global Shaders for PCD3D_SM5
[2017.10.30-02.31.30:120][  0]LogSlate: Using Freetype 2.6.0
[2017.10.30-02.31.30:213][  0]LogSlate: SlateFontCache - WITH_FREETYPE: 1, WITH_HARFBUZZ: 1
[2017.10.30-02.31.30:220][  0]LogSlate: SlateFontCache - WITH_FREETYPE: 1, WITH_HARFBUZZ: 1
[2017.10.30-02.31.39:047][  0]LogAssetRegistry: FAssetRegistry took 0.0292 seconds to start up
[2017.10.30-02.31.40:500][  0]LogInit: Selected Device Profile: [Windows]
[2017.10.30-02.31.43:725][  0]LogContentStreaming: Texture pool size is 0.00 MB
[2017.10.30-02.31.44:541][  0]LogSimplygon: Simplygon DLL not present - disabling.
[2017.10.30-02.31.44:577][  0]LogMeshReduction: Using SimplygonSwarm for distributed automatic mesh merging
[2017.10.30-02.31.44:577][  0]LogMeshReduction: Using QuadricMeshReduction for automatic static mesh reduction
[2017.10.30-02.31.44:577][  0]LogMeshReduction: No automatic skeletal mesh reduction module available
[2017.10.30-02.31.44:577][  0]LogMeshReduction: No automatic mesh merging module available
[2017.10.30-02.31.44:577][  0]LogMeshMerging: No automatic mesh merging module available
[2017.10.30-02.31.47:287][  0]LogNetVersion: Mainmenu , NetCL: 3573198, EngineNetVer: 2, GameNetVer: 0 (Checksum: 3302695824)
[2017.10.30-02.31.48:593][  0]LogPackageLocalizationCache: Processed 4 localized package path(s) for 2 prioritized culture(s) in 0.084921 seconds
[2017.10.30-02.31.48:647][  0]LogUObjectArray: 35825 objects as part of root set at end of initial load.
[2017.10.30-02.31.48:647][  0]LogUObjectAllocator: 7529112 out of 0 bytes used by permanent object pool.
[2017.10.30-02.31.48:648][  0]LogUObjectArray: CloseDisregardForGC: 0/0 objects in disregard for GC pool
[2017.10.30-02.31.48:704][  0]LogInit: WinSock: version 1.1 (2.2), MaxSocks=32767, MaxUdp=65467
[2017.10.30-02.32.16:173][  0]LogTcpMessaging: Initializing TcpMessaging bridge
[2017.10.30-02.32.16:213][  0]LogUdpMessaging: Initializing bridge on interface 0.0.0.0:0 to multicast group 230.0.0.1:6666.
[2017.10.30-02.32.16:805][  0]SourceControl: Source control is disabled
[2017.10.30-02.32.16:846][  0]SourceControl: Source control is disabled
[2017.10.30-02.32.16:937][  0]SourceControl: Source control is disabled
[2017.10.30-02.32.16:985][  0]SourceControl: Source control is disabled
[2017.10.30-02.32.18:354][  0]LogOcInput: OculusInput pre-init called
[2017.10.30-02.32.18:906][  0]LogEngine: Initializing Engine...
[2017.10.30-02.32.18:920][  0]LogHMD: Failed to initialize OpenVR with code 110
[2017.10.30-02.32.19:881][  0]LogStats: UGameplayTagsManager::ConstructGameplayTagTree: Construct from data asset -  0.000 s
[2017.10.30-02.32.19:881][  0]LogStats: UGameplayTagsManager::ConstructGameplayTagTree: GameplayTagTreeChangedEvent.Broadcast -  0.000 s
[2017.10.30-02.32.20:195][  0]LogAIModule: Creating AISystem for world Untitled
[2017.10.30-02.32.20:262][  0]LogInit: XAudio2 using 'Speakers (2- USB Sound Device        )' : 6 channels at 44.1 kHz using 16 bits per sample (channel mask 0x60f)
[2017.10.30-02.32.20:275][  0]LogInit: FAudioDevice initialized.
[2017.10.30-02.32.20:420][  0]LogDerivedDataCache: Saved boot cache 0.14s 92MB C:/Users/Matthew/AppData/Local/UnrealEngine/4.17/DerivedDataCache/Boot.ddc.
[2017.10.30-02.32.20:427][  0]LogInit: Texture streaming: Enabled
[2017.10.30-02.32.20:724][  0]LogMaterial: Uniform references updated for custom material expression Custom.
[2017.10.30-02.32.21:567][  0]LogEngineSessionManager: EngineSessionManager initialized
[2017.10.30-02.32.22:024][  0]LogInit: Transaction tracking system initialized
[2017.10.30-02.32.22:654][  0]BlueprintLog: New page: Editor Load
[2017.10.30-02.32.23:963][  0]LocalizationService: Localization service is disabled
[2017.10.30-02.32.24:925][  0]LogConsoleResponse: Display: 
[2017.10.30-02.32.27:173][  0]LogFileCache: Scanning file cache for directory 'D:/Desolation/Desolation_4.12/Mainmenu 4.17/Content/' took 0.05s
[2017.10.30-02.32.27:173][  0]LogCook: Display: Max memory allowance for cook 16384mb min free memory 0mb
[2017.10.30-02.32.27:173][  0]LogCook: Display: Mobile HDR setting 1
[2017.10.30-02.32.27:206][  0]LogGameplayTags: Display: UGameplayTagsManager::DoneAddingNativeTags. DelegateIsBound: 0
[2017.10.30-02.32.29:974][  0]SourceControl: Source control is disabled
[2017.10.30-02.32.30:000][  0]Cmd: MAP LOAD FILE="../../../../../Desolation/Desolation_4.12/Mainmenu 4.17/Content/ThirdPersonBP/Maps/ThirdPersonExampleMap.umap" TEMPLATE=0 SHOWPROGRESS=1 FEATURELEVEL=3
[2017.10.30-02.32.30:095][  0]LightingResults: New page: Lighting Build
[2017.10.30-02.32.30:295][  0]MapCheck: New page: Map Check
[2017.10.30-02.32.30:295][  0]LightingResults: New page: Lighting Build
[2017.10.30-02.32.34:585][  0]LogAIModule: Creating AISystem for world ThirdPersonExampleMap
[2017.10.30-02.32.34:587][  0]LogActorComponent: RegisterComponentWithWorld: (/Game/ThirdPersonBP/Maps/ThirdPersonExampleMap.ThirdPersonExampleMap:PersistentLevel.WorldInfo_0.StaticMeshComponent0) Trying to register component with IsPendingKill() == true. Aborting.
[2017.10.30-02.32.35:065][  0]LogEditorServer: Finished looking for orphan Actors (0.000 secs)
[2017.10.30-02.32.35:251][  0]Cmd: MAP CHECKDEP NOCLEARLOG
[2017.10.30-02.32.35:318][  0]MapCheck: Map check complete: 0 Error(s), 0 Warning(s), took 66.194ms to complete.
[2017.10.30-02.32.35:318][  0]LogFileHelpers: Loading map 'ThirdPersonExampleMap' took 5.325
[2017.10.30-02.32.36:247][  0]LogCollectionManager: Loaded 0 collections in 0.001463 seconds
[2017.10.30-02.32.36:360][  0]LogFileCache: Scanning file cache for directory 'D:/Desolation/Desolation_4.12/Mainmenu 4.17/Saved/Collections/' took 0.01s
[2017.10.30-02.32.36:360][  0]LogFileCache: Scanning file cache for directory 'D:/Desolation/Desolation_4.12/Mainmenu 4.17/Content/Developers/Matthew/Collections/' took 0.01s
[2017.10.30-02.32.36:360][  0]LogFileCache: Scanning file cache for directory 'D:/Desolation/Desolation_4.12/Mainmenu 4.17/Content/Collections/' took 0.01s
[2017.10.30-02.32.36:360][  0]LogCollectionManager: Rebuilt the GUID cache for 0 collections in 0.000000 seconds
[2017.10.30-02.32.36:379][  0]LogContentBrowser: Native class hierarchy populated in 0.0166 seconds. Added 2335 classes and 480 folders.
[2017.10.30-02.32.36:440][  0]LogContentBrowser: Native class hierarchy updated for 'WidgetCarousel' in 0.0010 seconds. Added 0 classes and 0 folders.
[2017.10.30-02.32.37:966][  0]LogContentBrowser: Native class hierarchy updated for 'AddContentDialog' in 0.0011 seconds. Added 0 classes and 0 folders.
[2017.10.30-02.32.38:030][  0]LogContentBrowser: Native class hierarchy updated for 'SceneOutliner' in 0.0012 seconds. Added 1 classes and 2 folders.
[2017.10.30-02.32.38:417][  0]LogSlate: Took 0.014048 seconds to synchronously load lazily loaded font '../../../Engine/Content/Slate/Fonts/Roboto-Regular.ttf' (155K)
[2017.10.30-02.32.38:443][  0]LogSlate: Took 0.016379 seconds to synchronously load lazily loaded font '../../../Engine/Content/Slate/Fonts/Roboto-Bold.ttf' (160K)
[2017.10.30-02.32.38:503][  0]LogSlate: Took 0.028731 seconds to synchronously load lazily loaded font '../../../Engine/Content/Editor/Slate/Fonts/FontAwesome.ttf' (139K)
[2017.10.30-02.32.39:103][  0]LogRenderer: Reallocating scene render targets to support 1208x576 Format 10 NumSamples 1 (Frame:1).
[2017.10.30-02.32.39:967][  0]LogContentBrowser: Native class hierarchy updated for 'HierarchicalLODOutliner' in 0.0010 seconds. Added 1 classes and 2 folders.
[2017.10.30-02.32.39:968][  0]LogLoad: (Engine Initialization) Total time: 99.67 seconds
[2017.10.30-02.32.39:968][  0]LogLoad: (Engine Initialization) Total Blueprint compile time: 0.00 seconds
[2017.10.30-02.32.39:968][  0]LogExternalProfiler: Found external profiler: VSPerf
[2017.10.30-02.32.39:968][  0]LogExternalProfiler: Using external profiler: VSPerf
[2017.10.30-02.32.40:404][  0]LogContentStreaming: Texture pool size now 1000 MB
[2017.10.30-02.32.40:743][  0]LogSlate: Took 0.031753 seconds to synchronously load lazily loaded font '../../../Engine/Content/Slate/Fonts/Roboto-Light.ttf' (159K)
[2017.10.30-02.32.41:822][  4]LogAssetRegistry: Asset discovery search completed in 62.7967 seconds
[2017.10.30-02.32.41:824][  4]LogCollectionManager: Rebuilt the object cache for 0 collections in 0.000000 seconds (found 0 objects)
[2017.10.30-02.32.41:824][  4]LogCollectionManager: Fixed up redirectors for 0 collections in 0.000061 seconds (updated 0 objects)
[2017.10.30-02.32.46:140][ 17]LogFileCache: Retrieving MD5 hashes for directory 'D:/Desolation/Desolation_4.12/Mainmenu 4.17/Content/' took 5.82s
[2017.10.30-02.36.18:254][741]LogWindowsTextInputMethodSystem: Display: IME system now deactivated.
[2017.10.30-02.36.18:254][741]LogWindowsTextInputMethodSystem: Display: IME system now deactivated.
[2017.10.30-02.36.18:507][742]Cmd: QUIT_EDITOR
[2017.10.30-02.36.18:644][742]LogExit: Preparing to exit.
[2017.10.30-02.36.19:516][742]LogDirectoryWatcher: A directory notification for 'D:/Desolation/Desolation_4.12/Mainmenu 4.17/Content/' was aborted.
[2017.10.30-02.36.19:637][742]LogExit: Editor shut down
[2017.10.30-02.36.19:650][742]LogExit: Transaction tracking system shut down
[2017.10.30-02.36.19:950][742]LogDirectoryWatcher: A directory notification for '../../../Engine/Content/' was aborted.
[2017.10.30-02.36.19:950][742]LogDirectoryWatcher: A directory notification for '../../../../../Desolation/Desolation_4.12/Mainmenu 4.17/Content/' was aborted.
[2017.10.30-02.36.19:950][742]LogDirectoryWatcher: A directory notification for '../../../Engine/Plugins/Runtime/Oculus/OculusVR/Content/' was aborted.
[2017.10.30-02.36.19:950][742]LogDirectoryWatcher: A directory notification for '../../../Engine/Plugins/Runtime/Steam/SteamVR/Content/' was aborted.
[2017.10.30-02.36.20:294][742]LogExit: Object subsystem successfully closed.
[2017.10.30-02.36.20:356][742]LogD3D11RHI: Shutdown
[2017.10.30-02.36.20:356][742]LogD3D11RHI: CleanupD3DDevice
[2017.10.30-02.36.20:451][742]LogD3D11RHI: ~FD3D11DynamicRHI
[2017.10.30-02.36.20:562][742]LogModuleManager: Shutting down and abandoning module HierarchicalLODOutliner (518)
[2017.10.30-02.36.20:562][742]LogModuleManager: Shutting down and abandoning module SceneOutliner (516)
[2017.10.30-02.36.20:562][742]LogModuleManager: Shutting down and abandoning module AddContentDialog (514)
[2017.10.30-02.36.20:562][742]LogDirectoryWatcher: A directory notification for 'D:/Epic Games/UE_4.17/FeaturePacks/' was aborted.
[2017.10.30-02.36.20:563][742]LogModuleManager: Shutting down and abandoning module WidgetCarousel (513)
[2017.10.30-02.36.20:563][742]LogModuleManager: Shutting down and abandoning module EditorWidgets (510)
[2017.10.30-02.36.20:563][742]LogModuleManager: Shutting down and abandoning module CollectionManager (508)
[2017.10.30-02.36.20:564][742]LogDirectoryWatcher: A directory notification for 'D:/Desolation/Desolation_4.12/Mainmenu 4.17/Content/Collections/' was aborted.
[2017.10.30-02.36.20:564][742]LogDirectoryWatcher: A directory notification for 'D:/Desolation/Desolation_4.12/Mainmenu 4.17/Content/Developers/Matthew/Collections/' was aborted.
[2017.10.30-02.36.20:564][742]LogDirectoryWatcher: A directory notification for 'D:/Desolation/Desolation_4.12/Mainmenu 4.17/Saved/Collections/' was aborted.
[2017.10.30-02.36.20:564][742]LogModuleManager: Shutting down and abandoning module StatsViewer (506)
[2017.10.30-02.36.20:564][742]LogModuleManager: Shutting down and abandoning module FoliageEdit (504)
[2017.10.30-02.36.20:564][742]LogModuleManager: Shutting down and abandoning module LandscapeEditor (502)
[2017.10.30-02.36.20:568][742]LogModuleManager: Shutting down and abandoning module MeshPaintMode (500)
[2017.10.30-02.36.20:568][742]LogModuleManager: Shutting down and abandoning module MeshPaint (499)
[2017.10.30-02.36.20:568][742]LogModuleManager: Shutting down and abandoning module SceneDepthPickerMode (496)
[2017.10.30-02.36.20:568][742]LogModuleManager: Shutting down and abandoning module ActorPickerMode (494)
[2017.10.30-02.36.20:568][742]LogModuleManager: Shutting down and abandoning module GeometryMode (492)
[2017.10.30-02.36.20:568][742]LogModuleManager: Shutting down and abandoning module TextureAlignMode (490)
[2017.10.30-02.36.20:568][742]LogModuleManager: Shutting down and abandoning module BspMode (488)
[2017.10.30-02.36.20:568][742]LogModuleManager: Shutting down and abandoning module PIEPreviewDeviceProfileSelector (486)
[2017.10.30-02.36.20:568][742]LogModuleManager: Shutting down and abandoning module HardwareSurvey (484)
[2017.10.30-02.36.20:568][742]LogModuleManager: Shutting down and abandoning module SequenceRecorderSections (482)
[2017.10.30-02.36.20:569][742]LogModuleManager: Shutting down and abandoning module AutomationWorker (480)
[2017.10.30-02.36.20:569][742]LogModuleManager: Shutting down and abandoning module MatineeToLevelSequence (478)
[2017.10.30-02.36.20:569][742]LogModuleManager: Shutting down and abandoning module LevelSequenceEditor (476)
[2017.10.30-02.36.20:569][742]LogModuleManager: Shutting down and abandoning module PlacementMode (475)
[2017.10.30-02.36.20:569][742]LogModuleManager: Shutting down and abandoning module WmfMediaFactory (472)
[2017.10.30-02.36.20:569][742]LogModuleManager: Shutting down and abandoning module WmfMediaEditor (470)
[2017.10.30-02.36.20:569][742]LogModuleManager: Shutting down and abandoning module AvfMediaFactory (468)
[2017.10.30-02.36.20:569][742]LogModuleManager: Shutting down and abandoning module AvfMediaEditor (466)
[2017.10.30-02.36.20:569][742]LogModuleManager: Shutting down and abandoning module AndroidMediaFactory (464)
[2017.10.30-02.36.20:569][742]LogModuleManager: Shutting down and abandoning module Media (463)
[2017.10.30-02.36.20:569][742]LogModuleManager: Shutting down and abandoning module AndroidMediaEditor (460)
[2017.10.30-02.36.20:569][742]LogModuleManager: Shutting down and abandoning module CharacterAI (458)
[2017.10.30-02.36.20:569][742]LogModuleManager: Shutting down and abandoning module AudioCapture (456)
[2017.10.30-02.36.20:569][742]LogModuleManager: Shutting down and abandoning module SequenceRecorder (455)
[2017.10.30-02.36.20:569][742]LogModuleManager: Shutting down and abandoning module SessionServices (452)
[2017.10.30-02.36.20:569][742]LogModuleManager: Shutting down and abandoning module ViewportSnapping (450)
[2017.10.30-02.36.20:569][742]LogModuleManager: Shutting down and abandoning module ViewportInteraction (448)
[2017.10.30-02.36.20:570][742]LogModuleManager: Shutting down and abandoning module ClothPainter (446)
[2017.10.30-02.36.20:570][742]LogModuleManager: Shutting down and abandoning module LogVisualizer (444)
[2017.10.30-02.36.20:570][742]LogModuleManager: Shutting down and abandoning module IntroTutorials (442)
[2017.10.30-02.36.20:576][742]LogModuleManager: Shutting down and abandoning module GameProjectGeneration (441)
[2017.10.30-02.36.20:589][742]LogModuleManager: Shutting down and abandoning module IOSPlatformEditor (438)
[2017.10.30-02.36.20:589][742]LogModuleManager: Shutting down and abandoning module HTML5PlatformEditor (436)
[2017.10.30-02.36.20:589][742]LogModuleManager: Shutting down and abandoning module AndroidPlatformEditor (434)
[2017.10.30-02.36.20:589][742]LogModuleManager: Shutting down and abandoning module AndroidDeviceDetection (433)
[2017.10.30-02.36.21:492][742]LogModuleManager: Shutting down and abandoning module WindowsPlatformEditor (430)
[2017.10.30-02.36.21:492][742]LogModuleManager: Shutting down and abandoning module IOSRuntimeSettings (428)
[2017.10.30-02.36.21:492][742]LogModuleManager: Shutting down and abandoning module AndroidRuntimeSettings (426)
[2017.10.30-02.36.21:492][742]LogModuleManager: Shutting down and abandoning module InputBindingEditor (424)
[2017.10.30-02.36.21:492][742]LogModuleManager: Shutting down and abandoning module MergeActors (422)
[2017.10.30-02.36.21:492][742]LogModuleManager: Shutting down and abandoning module SizeMap (420)
[2017.10.30-02.36.21:492][742]LogModuleManager: Shutting down and abandoning module TreeMap (418)
[2017.10.30-02.36.21:492][742]LogModuleManager: Shutting down and abandoning module ReferenceViewer (416)
[2017.10.30-02.36.21:492][742]LogModuleManager: Shutting down and abandoning module LocalizationDashboard (414)
[2017.10.30-02.36.21:530][742]LogModuleManager: Shutting down and abandoning module LocalizationService (413)
[2017.10.30-02.36.21:530][742]LogModuleManager: Shutting down and abandoning module HardwareTargeting (410)
[2017.10.30-02.36.21:530][742]LogModuleManager: Shutting down and abandoning module DeviceProfileEditor (408)
[2017.10.30-02.36.21:530][742]LogModuleManager: Shutting down and abandoning module UndoHistory (406)
[2017.10.30-02.36.21:530][742]LogModuleManager: Shutting down and abandoning module XmlParser (404)
[2017.10.30-02.36.21:530][742]LogModuleManager: Shutting down and abandoning module Blutility (402)
[2017.10.30-02.36.21:530][742]LogModuleManager: Shutting down and abandoning module ProjectSettingsViewer (400)
[2017.10.30-02.36.21:530][742]LogModuleManager: Shutting down and abandoning module ProjectTargetPlatformEditor (399)
[2017.10.30-02.36.21:530][742]LogModuleManager: Shutting down and abandoning module EditorSettingsViewer (396)
[2017.10.30-02.36.21:530][742]LogModuleManager: Shutting down and abandoning module SettingsEditor (394)
[2017.10.30-02.36.21:530][742]LogModuleManager: Shutting down and abandoning module ProjectLauncher (392)
[2017.10.30-02.36.21:542][742]LogModuleManager: Shutting down and abandoning module SessionFrontend (390)
[2017.10.30-02.36.21:542][742]LogModuleManager: Shutting down and abandoning module ProfilerClient (388)
[2017.10.30-02.36.21:542][742]LogModuleManager: Shutting down and abandoning module DeviceManager (386)
[2017.10.30-02.36.21:542][742]LogModuleManager: Shutting down and abandoning module TargetDeviceServices (385)
[2017.10.30-02.36.21:587][742]LogModuleManager: Shutting down and abandoning module AutomationController (382)
[2017.10.30-02.36.21:587][742]LogModuleManager: Shutting down and abandoning module AutomationWindow (380)
[2017.10.30-02.36.21:600][742]LogModuleManager: Shutting down and abandoning module Layers (378)
[2017.10.30-02.36.21:600][742]LogModuleManager: Shutting down and abandoning module ComponentVisualizers (376)
[2017.10.30-02.36.21:600][742]LogModuleManager: Shutting down and abandoning module DetailCustomizations (374)
[2017.10.30-02.36.21:609][742]LogModuleManager: Shutting down and abandoning module PackagesDialog (372)
[2017.10.30-02.36.21:609][742]LogModuleManager: Shutting down and abandoning module Persona (370)
[2017.10.30-02.36.21:610][742]LogModuleManager: Shutting down and abandoning module AdvancedPreviewScene (369)
[2017.10.30-02.36.21:610][742]LogModuleManager: Shutting down and abandoning module AnimGraph (367)
[2017.10.30-02.36.21:610][742]LogModuleManager: Shutting down and abandoning module Kismet (364)
[2017.10.30-02.36.21:610][742]LogModuleManager: Shutting down and abandoning module LevelEditor (363)
[2017.10.30-02.36.21:612][742]LogModuleManager: Shutting down and abandoning module PixelInspectorModule (362)
[2017.10.30-02.36.21:612][742]LogModuleManager: Shutting down and abandoning module ClassViewer (358)
[2017.10.30-02.36.21:612][742]LogModuleManager: Shutting down and abandoning module Toolbox (356)
[2017.10.30-02.36.21:612][742]LogModuleManager: Shutting down and abandoning module ModuleUI (354)
[2017.10.30-02.36.21:612][742]LogModuleManager: Shutting down and abandoning module MovieSceneTools (352)
[2017.10.30-02.36.21:613][742]LogModuleManager: Shutting down and abandoning module OutputLog (350)
[2017.10.30-02.36.21:613][742]LogModuleManager: Shutting down and abandoning module GammaUI (348)
[2017.10.30-02.36.21:613][742]LogModuleManager: Shutting down and abandoning module Documentation (346)
[2017.10.30-02.36.21:613][742]LogModuleManager: Shutting down and abandoning module MovieSceneTracks (344)
[2017.10.30-02.36.21:613][742]LogModuleManager: Shutting down and abandoning module MovieScene (342)
[2017.10.30-02.36.21:613][742]LogModuleManager: Shutting down and abandoning module Niagara (340)
[2017.10.30-02.36.21:613][742]LogModuleManager: Shutting down and abandoning module NiagaraEditor (339)
[2017.10.30-02.36.21:624][742]LogModuleManager: Shutting down and abandoning module StreamingPauseRendering (336)
[2017.10.30-02.36.21:624][742]LogModuleManager: Shutting down and abandoning module LauncherPlatform (334)
[2017.10.30-02.36.21:624][742]LogModuleManager: Shutting down and abandoning module AnalyticsET (332)
[2017.10.30-02.36.21:624][742]LogModuleManager: Shutting down and abandoning module PortalServices (330)
[2017.10.30-02.36.21:624][742]LogModuleManager: Shutting down and abandoning module PortalRpc (328)
[2017.10.30-02.36.21:624][742]LogModuleManager: Shutting down and abandoning module MessagingRpc (326)
[2017.10.30-02.36.21:624][742]LogModuleManager: Shutting down and abandoning module AIModule (324)
[2017.10.30-02.36.21:624][742]LogModuleManager: Shutting down and abandoning module GameplayDebugger (323)
[2017.10.30-02.36.21:624][742]LogModuleManager: Shutting down and abandoning module AITestSuite (321)
[2017.10.30-02.36.21:625][742]LogModuleManager: Shutting down and abandoning module ProfilerService (318)
[2017.10.30-02.36.21:723][742]LogModuleManager: Shutting down and abandoning module TaskGraph (316)
[2017.10.30-02.36.21:723][742]LogModuleManager: Shutting down and abandoning module SteamVRController (314)
[2017.10.30-02.36.21:723][742]LogModuleManager: Shutting down and abandoning module ProceduralMeshComponentEditor (312)
[2017.10.30-02.36.21:723][742]LogModuleManager: Shutting down and abandoning module ProceduralMeshComponent (310)
[2017.10.30-02.36.21:723][742]LogModuleManager: Shutting down and abandoning module OculusInput (308)
[2017.10.30-02.36.21:723][742]LogModuleManager: Shutting down and abandoning module MobilePatchingUtils (306)
[2017.10.30-02.36.21:723][742]LogModuleManager: Shutting down and abandoning module CustomMeshComponent (304)
[2017.10.30-02.36.21:723][742]LogModuleManager: Shutting down and abandoning module CableComponent (302)
[2017.10.30-02.36.21:723][742]LogModuleManager: Shutting down and abandoning module ArchVisCharacter (300)
[2017.10.30-02.36.21:723][742]LogModuleManager: Shutting down and abandoning module MediaPlayerEditor (296)
[2017.10.30-02.36.21:724][742]LogModuleManager: Shutting down and abandoning module HTML5Networking (294)
[2017.10.30-02.36.21:724][742]LogModuleManager: Shutting down and abandoning module AlembicImporter (292)
[2017.10.30-02.36.21:724][742]LogModuleManager: Shutting down and abandoning module AlembicLibrary (291)
[2017.10.30-02.36.21:724][742]LogModuleManager: Shutting down and abandoning module GeometryCache (290)
[2017.10.30-02.36.21:724][742]LogModuleManager: Shutting down and abandoning module GeometryCacheEd (289)
[2017.10.30-02.36.21:724][742]LogModuleManager: Shutting down and abandoning module SpeedTreeImporter (284)
[2017.10.30-02.36.21:724][742]LogModuleManager: Shutting down and abandoning module PluginBrowser (282)
[2017.10.30-02.36.21:724][742]LogModuleManager: Shutting down and abandoning module MainFrame (281)
[2017.10.30-02.36.21:724][742]LogModuleManager: Shutting down and abandoning module MobileLauncherProfileWizard (278)
[2017.10.30-02.36.21:724][742]LogModuleManager: Shutting down and abandoning module VisualStudioSourceCodeAccess (276)
[2017.10.30-02.36.21:724][742]LogModuleManager: Shutting down and abandoning module DesktopPlatform (275)
[2017.10.30-02.36.21:724][742]LogModuleManager: Shutting down and abandoning module HotReload (273)
[2017.10.30-02.36.21:725][742]LogModuleManager: Shutting down and abandoning module UObjectPlugin (270)
[2017.10.30-02.36.21:725][742]LogModuleManager: Shutting down and abandoning module SubversionSourceControl (268)
[2017.10.30-02.36.21:725][742]LogModuleManager: Shutting down and abandoning module PerforceSourceControl (266)
[2017.10.30-02.36.21:725][742]LogModuleManager: Shutting down and abandoning module GitSourceControl (264)
[2017.10.30-02.36.21:725][742]LogModuleManager: Shutting down and abandoning module SourceControl (263)
[2017.10.30-02.36.21:725][742]LogModuleManager: Shutting down and abandoning module LightPropagationVolumeEditor (260)
[2017.10.30-02.36.21:725][742]LogModuleManager: Shutting down and abandoning module RuntimePhysXCooking (258)
[2017.10.30-02.36.21:725][742]LogModuleManager: Shutting down and abandoning module PhysXVehiclesEditor (256)
[2017.10.30-02.36.21:725][742]LogModuleManager: Shutting down and abandoning module PhysXVehicles (254)
[2017.10.30-02.36.21:725][742]LogModuleManager: Shutting down and abandoning module OculusEditor (252)
[2017.10.30-02.36.21:725][742]LogModuleManager: Shutting down and abandoning module LocationServicesBPLibrary (250)
[2017.10.30-02.36.21:725][742]LogModuleManager: Shutting down and abandoning module ImmediatePhysicsEditor (248)
[2017.10.30-02.36.21:725][742]LogModuleManager: Shutting down and abandoning module ImmediatePhysics (246)
[2017.10.30-02.36.21:725][742]LogModuleManager: Shutting down and abandoning module UdpMessaging (244)
[2017.10.30-02.36.21:826][742]LogModuleManager: Shutting down and abandoning module TcpMessaging (242)
[2017.10.30-02.36.21:927][742]LogModuleManager: Shutting down and abandoning module GameplayTagsEditor (240)
[2017.10.30-02.36.21:961][742]LogModuleManager: Shutting down and abandoning module FacialAnimationEditor (238)
[2017.10.30-02.36.21:961][742]LogModuleManager: Shutting down and abandoning module FacialAnimation (236)
[2017.10.30-02.36.21:961][742]LogModuleManager: Shutting down and abandoning module AssetManagerEditor (234)
[2017.10.30-02.36.21:961][742]LogModuleManager: Shutting down and abandoning module GraphEditor (233)
[2017.10.30-02.36.21:982][742]LogModuleManager: Shutting down and abandoning module ContentBrowser (231)
[2017.10.30-02.36.21:984][742]LogModuleManager: Shutting down and abandoning module LightPropagationVolumeRuntime (228)
[2017.10.30-02.36.21:984][742]LogModuleManager: Shutting down and abandoning module WindowsMoviePlayer (226)
[2017.10.30-02.36.21:984][742]LogModuleManager: Shutting down and abandoning module WmfMedia (224)
[2017.10.30-02.36.21:984][742]LogModuleManager: Shutting down and abandoning module PacketHandler (222)
[2017.10.30-02.36.21:984][742]LogModuleManager: Shutting down and abandoning module ClothingSystemEditor (220)
[2017.10.30-02.36.21:985][742]LogModuleManager: Shutting down and abandoning module ClothingSystemRuntime (218)
[2017.10.30-02.36.21:985][742]LogModuleManager: Shutting down and abandoning module Overlay (216)
[2017.10.30-02.36.21:985][742]LogModuleManager: Shutting down and abandoning module OverlayEditor (215)
[2017.10.30-02.36.21:985][742]LogModuleManager: Shutting down and abandoning module MediaAssets (212)
[2017.10.30-02.36.21:985][742]LogModuleManager: Shutting down and abandoning module VREditor (210)
[2017.10.30-02.36.21:993][742]LogModuleManager: Shutting down and abandoning module StringTableEditor (208)
[2017.10.30-02.36.21:993][742]LogModuleManager: Shutting down and abandoning module GameplayTasksEditor (206)
[2017.10.30-02.36.21:993][742]LogModuleManager: Shutting down and abandoning module BehaviorTreeEditor (204)
[2017.10.30-02.36.22:011][742]LogModuleManager: Shutting down and abandoning module FunctionalTesting (202)
[2017.10.30-02.36.22:011][742]LogModuleManager: Shutting down and abandoning module CollisionAnalyzer (200)
[2017.10.30-02.36.22:012][742]LogModuleManager: Shutting down and abandoning module WorkspaceMenuStructure (199)
[2017.10.30-02.36.22:012][742]LogModuleManager: Shutting down and abandoning module UMG (196)
[2017.10.30-02.36.22:018][742]LogModuleManager: Shutting down and abandoning module UMGEditor (195)
[2017.10.30-02.36.22:029][742]LogModuleManager: Shutting down and abandoning module Sequencer (194)
[2017.10.30-02.36.22:038][742]LogModuleManager: Shutting down and abandoning module MessageLog (191)
[2017.10.30-02.36.22:038][742]LogModuleManager: Shutting down and abandoning module SlateReflector (186)
[2017.10.30-02.36.22:049][742]LogModuleManager: Shutting down and abandoning module Slate (184)
[2017.10.30-02.36.22:049][742]LogModuleManager: Shutting down and abandoning module EditorStyle (182)
[2017.10.30-02.36.22:051][742]LogModuleManager: Shutting down and abandoning module MRMesh (180)
[2017.10.30-02.36.22:051][742]LogModuleManager: Shutting down and abandoning module SourceCodeAccess (178)
[2017.10.30-02.36.22:051][742]LogModuleManager: Shutting down and abandoning module HeadMountedDisplay (176)
[2017.10.30-02.36.22:051][742]LogModuleManager: Shutting down and abandoning module XAudio2 (174)
[2017.10.30-02.36.22:051][742]LogModuleManager: Shutting down and abandoning module Networking (172)
[2017.10.30-02.36.22:051][742]LogModuleManager: Shutting down and abandoning module Core (168)
[2017.10.30-02.36.22:051][742]LogModuleManager: Shutting down and abandoning module KismetCompiler (164)
[2017.10.30-02.36.22:051][742]LogModuleManager: Shutting down and abandoning module LevelSequence (162)
[2017.10.30-02.36.22:051][742]LogModuleManager: Shutting down and abandoning module MeshUtilities (160)
[2017.10.30-02.36.22:059][742]LogModuleManager: Shutting down and abandoning module MeshMergeUtilities (159)
[2017.10.30-02.36.22:060][742]LogModuleManager: Shutting down and abandoning module MeshReductionInterface (158)
[2017.10.30-02.36.22:060][742]LogModuleManager: Shutting down and abandoning module SimplygonSwarm (157)
[2017.10.30-02.36.22:060][742]LogModuleManager: Shutting down and abandoning module SimplygonMeshReduction (155)
[2017.10.30-02.36.22:060][742]LogModuleManager: Shutting down and abandoning module QuadricMeshReduction (153)
[2017.10.30-02.36.22:060][742]LogModuleManager: Shutting down and abandoning module MaterialBaking (149)
[2017.10.30-02.36.22:060][742]LogModuleManager: Shutting down and abandoning module DirectoryWatcher (146)
[2017.10.30-02.36.22:060][742]LogModuleManager: Shutting down and abandoning module DerivedDataCache (144)
[2017.10.30-02.36.22:084][742]LogDerivedDataCache: Shutdown
[2017.10.30-02.36.22:084][742]LogModuleManager: Shutting down and abandoning module TargetPlatform (142)
[2017.10.30-02.36.22:084][742]LogModuleManager: Shutting down and abandoning module VulkanShaderFormat (141)
[2017.10.30-02.36.22:084][742]LogModuleManager: Shutting down and abandoning module ShaderFormatVectorVM (139)
[2017.10.30-02.36.22:085][742]LogModuleManager: Shutting down and abandoning module ShaderFormatOpenGL (137)
[2017.10.30-02.36.22:085][742]LogModuleManager: Shutting down and abandoning module ShaderFormatD3D (135)
[2017.10.30-02.36.22:085][742]LogModuleManager: Shutting down and abandoning module MetalShaderFormat (133)
[2017.10.30-02.36.22:085][742]LogModuleManager: Shutting down and abandoning module TextureFormatUncompressed (131)
[2017.10.30-02.36.22:085][742]LogModuleManager: Shutting down and abandoning module TextureFormatPVR (129)
[2017.10.30-02.36.22:085][742]LogModuleManager: Shutting down and abandoning module TextureFormatDXT (127)
[2017.10.30-02.36.22:085][742]LogModuleManager: Shutting down and abandoning module TextureFormatIntelISPCTexComp (125)
[2017.10.30-02.36.22:085][742]LogModuleManager: Shutting down and abandoning module TextureFormatASTC (123)
[2017.10.30-02.36.22:085][742]LogModuleManager: Shutting down and abandoning module ImageWrapper (122)
[2017.10.30-02.36.22:085][742]LogModuleManager: Shutting down and abandoning module TextureFormatAndroid (119)
[2017.10.30-02.36.22:085][742]LogModuleManager: Shutting down and abandoning module AudioFormatOpus (117)
[2017.10.30-02.36.22:085][742]LogModuleManager: Shutting down and abandoning module AudioFormatOgg (115)
[2017.10.30-02.36.22:085][742]LogModuleManager: Shutting down and abandoning module AudioFormatADPCM (113)
[2017.10.30-02.36.22:085][742]LogModuleManager: Shutting down and abandoning module LinuxTargetPlatform (111)
[2017.10.30-02.36.22:085][742]LogModuleManager: Shutting down and abandoning module LinuxServerTargetPlatform (109)
[2017.10.30-02.36.22:085][742]LogModuleManager: Shutting down and abandoning module LinuxNoEditorTargetPlatform (107)
[2017.10.30-02.36.22:085][742]LogModuleManager: Shutting down and abandoning module LinuxClientTargetPlatform (105)
[2017.10.30-02.36.22:085][742]LogModuleManager: Shutting down and abandoning module TVOSTargetPlatform (103)
[2017.10.30-02.36.22:085][742]LogModuleManager: Shutting down and abandoning module Messaging (101)
[2017.10.30-02.36.22:085][742]LogModuleManager: Shutting down and abandoning module IOSTargetPlatform (99)
[2017.10.30-02.36.22:085][742]LogModuleManager: Shutting down and abandoning module HTML5TargetPlatform (97)
[2017.10.30-02.36.22:085][742]LogModuleManager: Shutting down and abandoning module Android_PVRTCTargetPlatform (95)
[2017.10.30-02.36.22:085][742]LogModuleManager: Shutting down and abandoning module Android_MultiTargetPlatform (93)
[2017.10.30-02.36.22:085][742]LogModuleManager: Shutting down and abandoning module Android_ETC2TargetPlatform (91)
[2017.10.30-02.36.22:085][742]LogModuleManager: Shutting down and abandoning module Android_ETC1TargetPlatform (89)
[2017.10.30-02.36.22:085][742]LogModuleManager: Shutting down and abandoning module Android_DXTTargetPlatform (87)
[2017.10.30-02.36.22:085][742]LogModuleManager: Shutting down and abandoning module Android_ATCTargetPlatform (85)
[2017.10.30-02.36.22:085][742]LogModuleManager: Shutting down and abandoning module Android_ASTCTargetPlatform (83)
[2017.10.30-02.36.22:085][742]LogModuleManager: Shutting down and abandoning module AndroidTargetPlatform (81)
[2017.10.30-02.36.22:085][742]LogModuleManager: Shutting down and abandoning module WindowsTargetPlatform (79)
[2017.10.30-02.36.22:085][742]LogModuleManager: Shutting down and abandoning module WindowsServerTargetPlatform (77)
[2017.10.30-02.36.22:085][742]LogModuleManager: Shutting down and abandoning module WindowsNoEditorTargetPlatform (75)
[2017.10.30-02.36.22:085][742]LogModuleManager: Shutting down and abandoning module WindowsClientTargetPlatform (73)
[2017.10.30-02.36.22:085][742]LogModuleManager: Shutting down and abandoning module MacTargetPlatform (71)
[2017.10.30-02.36.22:085][742]LogModuleManager: Shutting down and abandoning module MacServerTargetPlatform (69)
[2017.10.30-02.36.22:085][742]LogModuleManager: Shutting down and abandoning module MacNoEditorTargetPlatform (67)
[2017.10.30-02.36.22:085][742]LogModuleManager: Shutting down and abandoning module MacClientTargetPlatform (65)
[2017.10.30-02.36.22:085][742]LogModuleManager: Shutting down and abandoning module AllDesktopTargetPlatform (63)
[2017.10.30-02.36.22:085][742]LogModuleManager: Shutting down and abandoning module InputCore (60)
[2017.10.30-02.36.22:085][742]LogModuleManager: Shutting down and abandoning module Settings (58)
[2017.10.30-02.36.22:085][742]LogModuleManager: Shutting down and abandoning module PhysXCooking (56)
[2017.10.30-02.36.22:085][742]LogModuleManager: Shutting down and abandoning module SteamVR (54)
[2017.10.30-02.36.22:085][742]LogModuleManager: Shutting down and abandoning module OculusHMD (52)
[2017.10.30-02.36.22:085][742]LogModuleManager: Shutting down and abandoning module ExampleDeviceProfileSelector (50)
[2017.10.30-02.36.22:085][742]LogModuleManager: Shutting down and abandoning module OnlineBlueprintSupport (48)
[2017.10.30-02.36.22:085][742]LogModuleManager: Shutting down and abandoning module OnlineSubsystem (44)
[2017.10.30-02.36.22:086][742]LogOnline: Display: Unloading online subsystem: NULL
[2017.10.30-02.36.22:086][742]LogModuleManager: Shutting down and abandoning module XMPP (43)
[2017.10.30-02.36.22:086][742]LogModuleManager: Shutting down and abandoning module HTTP (41)
[2017.10.30-02.36.22:086][742]LogHttp: Display: Http module shutting down, but needs to wait on 1 outstanding Http requests:
[2017.10.30-02.36.22:086][742]LogHttp: Display: 	verb=[POST] url=[https://datarouter.ol.epicgames.com/datarouter/api/v1/public/data?SessionID=%7B21F84D3E-46EA-B824-3B4A-909414E18C39%7D&AppID=UEEditor.Rocket.Release&AppVersion=4.17.1-3586342%2B%2B%2BUE4%2BRelease-4.17&UserID=cca99781479e69eab28772a854325e8c%7C95958a11530a4d969623b8d5a07655f6%7Cf72c841a-6b0c-4f38-933f-47af55d88e19&AppEnvironment=datacollector-binary&UploadType=eteventstream] status=Processing
[2017.10.30-02.36.22:088][742]LogModuleManager: Shutting down and abandoning module SSL (40)
[2017.10.30-02.36.22:091][742]LogModuleManager: Shutting down and abandoning module AnimationModifiers (36)
[2017.10.30-02.36.22:091][742]LogModuleManager: Shutting down and abandoning module PropertyEditor (35)
[2017.10.30-02.36.22:091][742]LogModuleManager: Shutting down and abandoning module AudioEditor (32)
[2017.10.30-02.36.22:091][742]LogModuleManager: Shutting down and abandoning module TextureCompressor (30)
[2017.10.30-02.36.22:091][742]LogModuleManager: Shutting down and abandoning module ShaderCore (28)
[2017.10.30-02.36.22:091][742]LogModuleManager: Shutting down and abandoning module Landscape (26)
[2017.10.30-02.36.22:091][742]LogModuleManager: Shutting down and abandoning module SlateRHIRenderer (24)
[2017.10.30-02.36.22:103][742]LogModuleManager: Shutting down and abandoning module OpenGLDrv (22)
[2017.10.30-02.36.22:103][742]LogModuleManager: Shutting down and abandoning module D3D11RHI (20)
[2017.10.30-02.36.22:103][742]LogModuleManager: Shutting down and abandoning module AnimGraphRuntime (18)
[2017.10.30-02.36.22:103][742]LogModuleManager: Shutting down and abandoning module Renderer (16)
[2017.10.30-02.36.22:103][742]LogModuleManager: Shutting down and abandoning module Engine (14)
[2017.10.30-02.36.22:103][742]LogModuleManager: Shutting down and abandoning module CoreUObject (12)
[2017.10.30-02.36.22:103][742]LogModuleManager: Shutting down and abandoning module NetworkFile (10)
[2017.10.30-02.36.22:104][742]LogModuleManager: Shutting down and abandoning module CookedIterativeFile (8)
[2017.10.30-02.36.22:104][742]LogModuleManager: Shutting down and abandoning module StreamingFile (6)
[2017.10.30-02.36.22:104][742]LogModuleManager: Shutting down and abandoning module SandboxFile (4)
[2017.10.30-02.36.22:104][742]LogModuleManager: Shutting down and abandoning module PakFile (2)
[2017.10.30-02.36.22:107][742]LogExit: Exiting.
[2017.10.30-02.36.22:118][742]Log file closed, 10/29/17 22:36:22
